This is pdfTeX, Version 3.141592653-2.6-1.40.24 (TeX Live 2022) (preloaded format=pdflatex 2023.1.4)  7 OCT 2024 10:44
entering extended mode
 restricted \write18 enabled.
 file:line:error style messages enabled.
 %&-line parsing enabled.
**/Users/espeer/Desktop/docs/filesys/EECS119a/HW1/HW1.tex
(/Users/espeer/Desktop/docs/filesys/EECS119a/HW1/HW1.tex
LaTeX2e <2021-11-15> patch level 1
L3 programming layer <2022-02-24> (/usr/local/texlive/2022/texmf-dist/tex/latex/base/article.cls
Document Class: article 2021/10/04 v1.4n Standard LaTeX document class
(/usr/local/texlive/2022/texmf-dist/tex/latex/base/size10.clo
File: size10.clo 2021/10/04 v1.4n Standard LaTeX file (size option)
)
\c@part=\count185
\c@section=\count186
\c@subsection=\count187
\c@subsubsection=\count188
\c@paragraph=\count189
\c@subparagraph=\count190
\c@figure=\count191
\c@table=\count192
\abovecaptionskip=\skip47
\belowcaptionskip=\skip48
\bibindent=\dimen138
) (/usr/local/texlive/2022/texmf-dist/tex/latex/preprint/fullpage.sty
Package: fullpage 1999/02/23 1.1 (PWD)
\FP@margin=\skip49
) (/usr/local/texlive/2022/texmf-dist/tex/latex/graphics/graphicx.sty
Package: graphicx 2021/09/16 v1.2d Enhanced LaTeX Graphics (DPC,SPQR)
 (/usr/local/texlive/2022/texmf-dist/tex/latex/graphics/keyval.sty
Package: keyval 2014/10/28 v1.15 key=value parser (DPC)
\KV@toks@=\toks16
) (/usr/local/texlive/2022/texmf-dist/tex/latex/graphics/graphics.sty
Package: graphics 2021/03/04 v1.4d Standard LaTeX Graphics (DPC,SPQR)
 (/usr/local/texlive/2022/texmf-dist/tex/latex/graphics/trig.sty
Package: trig 2021/08/11 v1.11 sin cos tan (DPC)
) (/usr/local/texlive/2022/texmf-dist/tex/latex/graphics-cfg/graphics.cfg
File: graphics.cfg 2016/06/04 v1.11 sample graphics configuration
)
Package graphics Info: Driver file: pdftex.def on input line 107.
 (/usr/local/texlive/2022/texmf-dist/tex/latex/graphics-def/pdftex.def
File: pdftex.def 2020/10/05 v1.2a Graphics/color driver for pdftex
))
\Gin@req@height=\dimen139
\Gin@req@width=\dimen140
) (/usr/local/texlive/2022/texmf-dist/tex/latex/l3backend/l3backend-pdftex.def
File: l3backend-pdftex.def 2022-02-07 L3 backend support: PDF output (pdfTeX)
\l__color_backend_stack_int=\count193
\l__pdf_internal_box=\box50
) (./HW1.aux)
\openout1 = `HW1.aux'.

LaTeX Font Info:    Checking defaults for OML/cmm/m/it on input line 11.
LaTeX Font Info:    ... okay on input line 11.
LaTeX Font Info:    Checking defaults for OMS/cmsy/m/n on input line 11.
LaTeX Font Info:    ... okay on input line 11.
LaTeX Font Info:    Checking defaults for OT1/cmr/m/n on input line 11.
LaTeX Font Info:    ... okay on input line 11.
LaTeX Font Info:    Checking defaults for T1/cmr/m/n on input line 11.
LaTeX Font Info:    ... okay on input line 11.
LaTeX Font Info:    Checking defaults for TS1/cmr/m/n on input line 11.
LaTeX Font Info:    ... okay on input line 11.
LaTeX Font Info:    Checking defaults for OMX/cmex/m/n on input line 11.
LaTeX Font Info:    ... okay on input line 11.
LaTeX Font Info:    Checking defaults for U/cmr/m/n on input line 11.
LaTeX Font Info:    ... okay on input line 11.
 (/usr/local/texlive/2022/texmf-dist/tex/context/base/mkii/supp-pdf.mkii
[Loading MPS to PDF converter (version 2006.09.02).]
\scratchcounter=\count194
\scratchdimen=\dimen141
\scratchbox=\box51
\nofMPsegments=\count195
\nofMParguments=\count196
\everyMPshowfont=\toks17
\MPscratchCnt=\count197
\MPscratchDim=\dimen142
\MPnumerator=\count198
\makeMPintoPDFobject=\count199
\everyMPtoPDFconversion=\toks18
) (/usr/local/texlive/2022/texmf-dist/tex/latex/epstopdf-pkg/epstopdf-base.sty
Package: epstopdf-base 2020-01-24 v2.11 Base part for package epstopdf
Package epstopdf-base Info: Redefining graphics rule for `.eps' on input line 485.
 (/usr/local/texlive/2022/texmf-dist/tex/latex/latexconfig/epstopdf-sys.cfg
File: epstopdf-sys.cfg 2010/07/13 v1.3 Configuration of (r)epstopdf for TeX Live
))
Underfull \hbox (badness 10000) in paragraph at lines 26--27

 []

LaTeX Font Info:    External font `cmex10' loaded for size
(Font)              <7> on input line 28.
LaTeX Font Info:    External font `cmex10' loaded for size
(Font)              <5> on input line 28.
<figs/p1a.jpeg, id=1, 1436.36626pt x 493.845pt>
File: figs/p1a.jpeg Graphic file (type jpg)
<use figs/p1a.jpeg>
Package pdftex.def Info: figs/p1a.jpeg  used on input line 34.
(pdftex.def)             Requested size: 143.64503pt x 49.38739pt.
<figs/p1b.jpeg, id=2, 1592.95125pt x 525.965pt>
File: figs/p1b.jpeg Graphic file (type jpg)
<use figs/p1b.jpeg>
Package pdftex.def Info: figs/p1b.jpeg  used on input line 40.
(pdftex.def)             Requested size: 159.30446pt x 52.59958pt.

Underfull \hbox (badness 10000) in paragraph at lines 44--45

 []

<figs/p2.jpeg, id=3, 1793.70125pt x 582.175pt>
File: figs/p2.jpeg Graphic file (type jpg)
<use figs/p2.jpeg>
Package pdftex.def Info: figs/p2.jpeg  used on input line 64.
(pdftex.def)             Requested size: 179.38063pt x 58.2209pt.
[1

{/usr/local/texlive/2022/texmf-var/fonts/map/pdftex/updmap/pdftex.map} <./figs/p1a.jpeg> <./figs/p1b.jpeg> <./figs/p2.jpeg>]
Underfull \hbox (badness 10000) in paragraph at lines 68--69

 []

[2]
<figs/p3.jpeg, id=20, 1383.1675pt x 1315.91624pt>
File: figs/p3.jpeg Graphic file (type jpg)
<use figs/p3.jpeg>
Package pdftex.def Info: figs/p3.jpeg  used on input line 133.
(pdftex.def)             Requested size: 276.6286pt x 263.17859pt.

Underfull \hbox (badness 10000) in paragraph at lines 136--137

 []

<figs/p4k.png, id=21, 510.90875pt x 383.4325pt>
File: figs/p4k.png Graphic file (type png)
<use figs/p4k.png>
Package pdftex.def Info: figs/p4k.png  used on input line 143.
(pdftex.def)             Requested size: 255.45375pt x 191.71577pt.
[3 <./figs/p3.jpeg> <./figs/p4k.png>]
<figs/p4a.jpeg, id=27, 1340.00626pt x 1264.725pt>
File: figs/p4a.jpeg Graphic file (type jpg)
<use figs/p4a.jpeg>
Package pdftex.def Info: figs/p4a.jpeg  used on input line 155.
(pdftex.def)             Requested size: 267.9965pt x 252.94052pt.
<figs/p4b.jpeg, id=28, 1363.0925pt x 1269.74374pt>
File: figs/p4b.jpeg Graphic file (type jpg)
<use figs/p4b.jpeg>
Package pdftex.def Info: figs/p4b.jpeg  used on input line 160.
(pdftex.def)             Requested size: 272.61366pt x 253.94424pt.
 [4 <./figs/p4a.jpeg> <./figs/p4b.jpeg>] (./HW1.aux) ) 
Here is how much of TeX's memory you used:
 1344 strings out of 478268
 22342 string characters out of 5846348
 342150 words of memory out of 5000000
 19583 multiletter control sequences out of 15000+600000
 470248 words of font info for 31 fonts, out of 8000000 for 9000
 1141 hyphenation exceptions out of 8191
 55i,7n,62p,228b,257s stack positions out of 10000i,1000n,20000p,200000b,200000s
{/usr/local/texlive/2022/texmf-dist/fonts/enc/dvips/cm-super/cm-super-ts1.enc}</usr/local/texlive/2022/texmf-dist/fonts/type1/public/amsfonts/cm/cmbx10.pfb></usr/local/texlive/2022/texmf-dist/fonts/type1/public/amsfonts/cm/cmmi10.pfb></usr/local/texlive/2022/texmf-dist/fonts/type1/public/amsfonts/cm/cmr10.pfb></usr/local/texlive/2022/texmf-dist/fonts/type1/public/amsfonts/cm/cmr7.pfb></usr/local/texlive/2022/texmf-dist/fonts/type1/public/amsfonts/cm/cmsy10.pfb></usr/local/texlive/2022/texmf-dist/fonts/type1/public/amsfonts/cm/cmsy7.pfb></usr/local/texlive/2022/texmf-dist/fonts/type1/public/amsfonts/cm/cmti10.pfb></usr/local/texlive/2022/texmf-dist/fonts/type1/public/cm-super/sfrm1000.pfb>
Output written on HW1.pdf (4 pages, 1144241 bytes).
PDF statistics:
 67 PDF objects out of 1000 (max. 8388607)
 36 compressed objects within 1 object stream
 0 named destinations out of 1000 (max. 500000)
 36 words of extra memory for PDF output out of 10000 (max. 10000000)

